Arthas = {9,23,28,46,59,81,90,116,123,131,143,149,150,156,162,176,180,186,201,211,231,242,244,246,255,262,273,275,285,312,318,333,342,349}
Luna = {7,17,30,57,72,80,92,115,136,142,152,153,171,187,216,227,239,243,272,307,321,329,332,345,348}
Mira = {2,14,21,29,32,33,38,48,50,52,55,60,73,76,85,94,107,110,125,126,147,160,163,167,183,185,188,208,222,223,225,234,250,251,261,265,268,269,278,281,290,292,293,308,310,314,324,334,338,346}
Theo = {}
Fenrir = {}
Sylvanas = {}
Galahad = {10,13,67,74,95,105,112,130,151,159,178,197,217,235,237,300,301,323,337,350}
Tristan = {}
Isolde = {3,26,27,56,61,62,65,68,91,103,117,120,132,137,138,164,182,184,189,192,198,204,212,220,224,226,236,247,254,260,263,266,274,277,279,286,291,299,305,341}
Merlin = {4,15,24,25,31,34,35,69,88,93,98,101,102,106,114,121,128,139,146,148,169,173,177,181,190,194,195,196,206,210,233,245,258,259,271,284,288,289,296,297,309,326,336,339}
Arthur = {}
Gawain = {}
Lancelot = {}
Morgana = {5,43,44,58,63,70,83,100,133,145,161,166,174,238,241,320,322,343}
Elena = {}
Dorian = {8,16,18,20,22,39,41,49,53,54,71,79,84,86,104,111,119,122,124,134,140,141,154,157,170,200,202,203,205,218,219,248,249,267,270,276,280,282,283,287,294,295,302,303,311,313,315,317,325}
Selene = {}
Orion = {}
Helena = {}
Cyrus = {}
Ariadne = {}
Leon = {6,36,37,42,47,89,96,97,99,108,109,113,118,127,144,158,165,175,191,209,214,215,228,240,252,298,304,306,319,330,335,340}
Freya = {}
Dante = {}
Valeria = {1,11,12,19,40,45,51,64,66,75,77,78,82,87,129,135,155,168,172,179,193,199,207,213,221,229,230,232,253,256,257,264,316,327,328,331,344,347}
Tempo mínimo: 1169.17

Arthas = {}
Luna = {}
Mira = {1,25,36,54,61,65,69,89,91,94,103,106,107,113,134,146,156,175,180,198,208,220,221,223,234,241,242,246,261,276,282,285,290,317,332,336,340,357,361,362,365,370,374,375,382,393,402,403,409,420,425,432,462,476,477,495,503,520,523,532,538,543,559,568,586,587,601,604,608,610,623,627,641,643,653,654,670,676,684,688,698}
Theo = {}
Fenrir = {}
Sylvanas = {}
Galahad = {}
Tristan = {}
Isolde = {}
Merlin = {5,17,44,49,62,66,68,74,77,90,97,112,118,119,130,131,137,139,147,162,164,173,182,200,230,247,248,255,286,294,305,310,329,331,333,342,343,368,376,379,386,406,408,418,422,428,452,468,481,488,491,516,528,529,546,549,562,581,585,603,624,628,630,640,646,662,682,683,695}
Arthur = {}
Gawain = {}
Lancelot = {}
Morgana = {7,19,30,47,52,64,73,83,96,100,128,140,144,158,160,168,179,181,186,187,203,231,243,253,266,274,277,321,322,344,359,378,385,395,416,434,465,479,496,524,539,541,542,544,547,560,578,596,598,606,648,651,685}
Elena = {}
Dorian = {}
Selene = {}
Orion = {}
Helena = {9,12,32,40,76,86,99,102,111,122,143,148,157,165,171,174,183,189,191,193,239,259,262,318,326,355,367,371,381,383,391,405,407,431,433,457,458,459,509,521,537,579,582,588,589,593,602,607,609,639,655,689,692}
Cyrus = {}
Ariadne = {6,20,28,33,34,37,43,55,67,75,80,95,101,121,141,150,170,188,216,218,224,232,245,254,263,268,281,287,292,295,301,311,327,339,341,347,364,372,380,396,398,410,424,435,448,449,456,461,471,475,482,486,490,497,508,527,557,558,566,590,595,597,612,614,621,626,652,657,658,668,672,680,699}
Leon = {}
Freya = {}
Dante = {}
Valeria = {}
Cassius = {}
Athena = {4,38,39,42,45,48,60,70,79,109,116,120,125,135,145,152,154,163,197,199,204,217,235,257,275,279,280,296,299,302,314,316,319,348,350,354,384,388,400,412,421,423,439,440,443,444,453,472,480,483,485,494,499,501,502,507,510,533,553,561,565,583,615,618,620,625,631,632,633,635,660,663,669,671,674,686,691}
Odin = {}
Freyr = {}
Ragnar = {3,11,24,31,57,78,85,92,93,123,136,151,159,167,176,177,190,196,201,214,215,226,228,229,237,249,252,265,269,273,278,288,289,291,312,324,334,358,360,369,392,399,401,414,419,438,442,445,450,463,470,473,489,505,506,512,513,515,518,519,536,554,556,569,594,619,638,644,645,659,666,675,693,697}
Beatrice = {}
Victor = {}
Isabella = {2,13,22,29,46,50,51,53,59,72,81,82,114,117,124,129,142,153,169,172,184,194,205,209,210,222,227,236,258,267,270,271,272,284,298,300,306,307,313,323,335,349,353,377,387,390,404,415,446,455,464,469,474,504,511,514,531,534,551,552,563,571,572,584,592,611,622,649,661,664,667,677,678,679,687,690}
Marcus = {8,14,15,27,35,56,71,87,88,110,126,127,132,138,161,185,195,202,207,212,233,244,250,293,297,303,315,320,325,345,346,366,373,389,413,427,429,436,437,447,466,467,484,492,498,500,525,526,535,540,545,573,574,577,591,613,617,634,636,637,642,647,665,673,681,696}
Nina = {}
Lucius = {}
Aurora = {}
Evelyn = {}
Kieran = {}
Soren = {}
Lysandra = {}
Maxim = {}
Thalia = {}
Gideon = {}
Seraphina = {}
Tobias = {}
Amara = {}
Jasper = {}
Celine = {}
Alaric = {10,16,18,21,23,26,41,58,63,84,98,104,105,108,115,133,149,155,166,178,192,206,211,213,219,225,238,240,251,256,260,264,283,304,308,309,328,330,337,338,351,352,356,363,394,397,411,417,426,430,441,451,454,460,478,487,493,517,522,530,548,550,555,564,567,570,575,576,580,599,600,605,616,629,650,656,694,700}
Tempo mínimo: 1678.00
